<?xml version="1.0" encoding="UTF-8"?>
<testsuite xmlns:xsi="http://www.w3.org/2001/XMLSchema-instance" xsi:noNamespaceSchemaLocation="https://maven.apache.org/surefire/maven-surefire-plugin/xsd/surefire-test-report-3.0.xsd" version="3.0" name="dev.minurl.AppTest" time="0.155" tests="3" errors="0" skipped="0" failures="0">
  <properties>
[...]
</properties>
  <testcase name="service_resolves_stored_url" classname="dev.minurl.AppTest" time="0.117"/>
  <testcase name="normalization_canonicalizes_scheme_and_host" classname="dev.minurl.AppTest" time="0.003"/>
  <testcase name="generated_code_is_deterministic_sha_base62" classname="dev.minurl.AppTest" time="0.005"/>
</testsuite>